<?xml version="1.0" encoding="UTF-8"?>
<!-- Generated by org.testng.reporters.JUnitReportReporter -->
<testsuite hostname="santosh" failures="0" tests="4" name="api.testcases.UserTest" time="16.165" errors="0" timestamp="2023-10-04T14:02:47 IST" skipped="0">
  <testcase classname="api.testcases.UserTest" name="testCreateUser" time="9.573"/>
  <system-out/>
  <testcase classname="api.testcases.UserTest" name="testGetUserData" time="1.666"/>
  <system-out/>
  <testcase classname="api.testcases.UserTest" name="testUpdateUser" time="3.387"/>
  <system-out/>
  <testcase classname="api.testcases.UserTest" name="testDeleteUser" time="1.539"/>
  <system-out/>
</testsuite> <!-- api.testcases.UserTest -->
