<?xml version="1.0" encoding="UTF-8"?>
<!-- Generated by org.testng.reporters.JUnitReportReporter -->
<testsuite hostname="santosh" failures="0" tests="12" name="api.testcases.UserTestDD" time="27.974" errors="0" timestamp="2023-10-05T20:24:58 IST" skipped="0">
  <testcase classname="api.testcases.UserTestDD" name="testCreateUser" time="2.529"/>
  <system-out/>
  <testcase classname="api.testcases.UserTestDD" name="testCreateUser" time="2.247"/>
  <system-out/>
  <testcase classname="api.testcases.UserTestDD" name="testCreateUser" time="2.756"/>
  <system-out/>
  <testcase classname="api.testcases.UserTestDD" name="testCreateUser" time="5.103"/>
  <system-out/>
  <testcase classname="api.testcases.UserTestDD" name="testGetUserData" time="1.839"/>
  <system-out/>
  <testcase classname="api.testcases.UserTestDD" name="testGetUserData" time="1.891"/>
  <system-out/>
  <testcase classname="api.testcases.UserTestDD" name="testGetUserData" time="1.837"/>
  <system-out/>
  <testcase classname="api.testcases.UserTestDD" name="testGetUserData" time="2.044"/>
  <system-out/>
  <testcase classname="api.testcases.UserTestDD" name="testDeleteUser" time="1.795"/>
  <system-out/>
  <testcase classname="api.testcases.UserTestDD" name="testDeleteUser" time="1.738"/>
  <system-out/>
  <testcase classname="api.testcases.UserTestDD" name="testDeleteUser" time="2.251"/>
  <system-out/>
  <testcase classname="api.testcases.UserTestDD" name="testDeleteUser" time="1.944"/>
  <system-out/>
</testsuite> <!-- api.testcases.UserTestDD -->
