<?xml version="1.0" encoding="UTF-8"?>
<!-- Generated by org.testng.reporters.JUnitReportReporter -->
<testsuite hostname="santosh" failures="0" tests="4" name="api.testcases.UserTest" time="11.090" errors="0" timestamp="2023-10-09T20:55:28 IST" skipped="0">
  <testcase classname="api.testcases.UserTest" name="testCreateUser" time="4.566"/>
  <system-out/>
  <testcase classname="api.testcases.UserTest" name="testGetUserData" time="1.975"/>
  <system-out/>
  <testcase classname="api.testcases.UserTest" name="testUpdateUser" time="3.063"/>
  <system-out/>
  <testcase classname="api.testcases.UserTest" name="testDeleteUser" time="1.486"/>
  <system-out/>
</testsuite> <!-- api.testcases.UserTest -->
